<?xml version="1.0" encoding="UTF-8"?>
<testng-results skipped="1" failed="0" ignored="0" total="2" passed="1">
  <reporter-output>
  </reporter-output>
  <suite name="Suite" duration-ms="191032" started-at="2020-04-04T21:16:51 EDT" finished-at="2020-04-04T21:20:02 EDT">
    <groups>
    </groups>
    <test name="Test" duration-ms="191032" started-at="2020-04-04T21:16:51 EDT" finished-at="2020-04-04T21:20:02 EDT">
      <class name="com.testcases.Fbaccount_Tc">
        <test-method status="PASS" signature="beforesuite()[pri:0, instance:com.testcases.Fbaccount_Tc@7f9fcf7f]" name="beforesuite" is-config="true" duration-ms="31" started-at="2020-04-04T21:16:51 EDT" finished-at="2020-04-04T21:16:51 EDT">
          <reporter-output>
          </reporter-output>
        </test-method> <!-- beforesuite -->
        <test-method status="PASS" signature="browseropen(java.lang.String, java.lang.String)[pri:0, instance:com.testcases.Fbaccount_Tc@7f9fcf7f]" name="browseropen" is-config="true" duration-ms="9863" started-at="2020-04-04T21:16:51 EDT" finished-at="2020-04-04T21:17:01 EDT">
          <params>
            <param index="0">
              <value>
                <![CDATA[firefox]]>
              </value>
            </param>
            <param index="1">
              <value>
                <![CDATA[https://www.facebook.com/]]>
              </value>
            </param>
          </params>
          <reporter-output>
          </reporter-output>
        </test-method> <!-- browseropen -->
        <test-method status="PASS" signature="fbAccount()[pri:0, instance:com.testcases.Fbaccount_Tc@7f9fcf7f]" name="fbAccount" duration-ms="181138" started-at="2020-04-04T21:17:01 EDT" finished-at="2020-04-04T21:20:02 EDT">
          <reporter-output>
          </reporter-output>
        </test-method> <!-- fbAccount -->
        <test-method status="FAIL" signature="browseropen(java.lang.String, java.lang.String)[pri:0, instance:com.testcases.Fbaccount_Tc@7f9fcf7f]" name="browseropen" is-config="true" duration-ms="0" started-at="2020-04-04T21:20:02 EDT" finished-at="2020-04-04T21:20:02 EDT">
          <params>
            <param index="0">
              <value>
                <![CDATA[firefox]]>
              </value>
            </param>
            <param index="1">
              <value>
                <![CDATA[https://www.facebook.com/]]>
              </value>
            </param>
          </params>
          <exception class="java.lang.IllegalArgumentException">
            <message>
              <![CDATA[the browser type is undefined]]>
            </message>
            <full-stacktrace>
              <![CDATA[java.lang.IllegalArgumentException: the browser type is undefined
at com.base.Configuration.browseropen(Configuration.java:78)
at sun.reflect.NativeMethodAccessorImpl.invoke0(Native Method)
at sun.reflect.NativeMethodAccessorImpl.invoke(Unknown Source)
at sun.reflect.DelegatingMethodAccessorImpl.invoke(Unknown Source)
at java.lang.reflect.Method.invoke(Unknown Source)
at org.testng.internal.MethodInvocationHelper.invokeMethod(MethodInvocationHelper.java:133)
at org.testng.internal.MethodInvocationHelper.invokeMethodConsideringTimeout(MethodInvocationHelper.java:62)
at org.testng.internal.ConfigInvoker.invokeConfigurationMethod(ConfigInvoker.java:340)
at org.testng.internal.ConfigInvoker.invokeConfigurations(ConfigInvoker.java:294)
at org.testng.internal.TestInvoker.runConfigMethods(TestInvoker.java:683)
at org.testng.internal.TestInvoker.invokeMethod(TestInvoker.java:510)
at org.testng.internal.TestInvoker.invokeTestMethod(TestInvoker.java:172)
at org.testng.internal.MethodRunner.runInSequence(MethodRunner.java:46)
at org.testng.internal.TestInvoker$MethodInvocationAgent.invoke(TestInvoker.java:804)
at org.testng.internal.TestInvoker.invokeTestMethods(TestInvoker.java:145)
at org.testng.internal.TestMethodWorker.invokeTestMethods(TestMethodWorker.java:146)
at org.testng.internal.TestMethodWorker.run(TestMethodWorker.java:128)
at java.util.ArrayList.forEach(Unknown Source)
at org.testng.TestRunner.privateRun(TestRunner.java:770)
at org.testng.TestRunner.run(TestRunner.java:591)
at org.testng.SuiteRunner.runTest(SuiteRunner.java:402)
at org.testng.SuiteRunner.runSequentially(SuiteRunner.java:396)
at org.testng.SuiteRunner.privateRun(SuiteRunner.java:355)
at org.testng.SuiteRunner.run(SuiteRunner.java:304)
at org.testng.SuiteRunnerWorker.runSuite(SuiteRunnerWorker.java:53)
at org.testng.SuiteRunnerWorker.run(SuiteRunnerWorker.java:96)
at org.testng.TestNG.runSuitesSequentially(TestNG.java:1180)
at org.testng.TestNG.runSuitesLocally(TestNG.java:1102)
at org.testng.TestNG.runSuites(TestNG.java:1032)
at org.testng.TestNG.run(TestNG.java:1000)
at org.testng.remote.AbstractRemoteTestNG.run(AbstractRemoteTestNG.java:115)
at org.testng.remote.RemoteTestNG.initAndRun(RemoteTestNG.java:251)
at org.testng.remote.RemoteTestNG.main(RemoteTestNG.java:77)
]]>
            </full-stacktrace>
          </exception> <!-- java.lang.IllegalArgumentException -->
          <reporter-output>
          </reporter-output>
        </test-method> <!-- browseropen -->
        <test-method status="PASS" signature="closedriver()[pri:0, instance:com.testcases.Fbaccount_Tc@7f9fcf7f]" name="closedriver" is-config="true" duration-ms="0" started-at="2020-04-04T21:20:02 EDT" finished-at="2020-04-04T21:20:02 EDT">
          <reporter-output>
          </reporter-output>
        </test-method> <!-- closedriver -->
        <test-method status="SKIP" signature="fbSignIn()[pri:0, instance:com.testcases.Fbaccount_Tc@7f9fcf7f]" name="fbSignIn" duration-ms="0" started-at="2020-04-04T21:20:02 EDT" finished-at="2020-04-04T21:20:02 EDT">
          <exception class="java.lang.IllegalArgumentException">
            <message>
              <![CDATA[the browser type is undefined]]>
            </message>
            <full-stacktrace>
              <![CDATA[java.lang.IllegalArgumentException: the browser type is undefined
at com.base.Configuration.browseropen(Configuration.java:78)
at sun.reflect.NativeMethodAccessorImpl.invoke0(Native Method)
at sun.reflect.NativeMethodAccessorImpl.invoke(Unknown Source)
at sun.reflect.DelegatingMethodAccessorImpl.invoke(Unknown Source)
at java.lang.reflect.Method.invoke(Unknown Source)
at org.testng.internal.MethodInvocationHelper.invokeMethod(MethodInvocationHelper.java:133)
at org.testng.internal.MethodInvocationHelper.invokeMethodConsideringTimeout(MethodInvocationHelper.java:62)
at org.testng.internal.ConfigInvoker.invokeConfigurationMethod(ConfigInvoker.java:340)
at org.testng.internal.ConfigInvoker.invokeConfigurations(ConfigInvoker.java:294)
at org.testng.internal.TestInvoker.runConfigMethods(TestInvoker.java:683)
at org.testng.internal.TestInvoker.invokeMethod(TestInvoker.java:510)
at org.testng.internal.TestInvoker.invokeTestMethod(TestInvoker.java:172)
at org.testng.internal.MethodRunner.runInSequence(MethodRunner.java:46)
at org.testng.internal.TestInvoker$MethodInvocationAgent.invoke(TestInvoker.java:804)
at org.testng.internal.TestInvoker.invokeTestMethods(TestInvoker.java:145)
at org.testng.internal.TestMethodWorker.invokeTestMethods(TestMethodWorker.java:146)
at org.testng.internal.TestMethodWorker.run(TestMethodWorker.java:128)
at java.util.ArrayList.forEach(Unknown Source)
at org.testng.TestRunner.privateRun(TestRunner.java:770)
at org.testng.TestRunner.run(TestRunner.java:591)
at org.testng.SuiteRunner.runTest(SuiteRunner.java:402)
at org.testng.SuiteRunner.runSequentially(SuiteRunner.java:396)
at org.testng.SuiteRunner.privateRun(SuiteRunner.java:355)
at org.testng.SuiteRunner.run(SuiteRunner.java:304)
at org.testng.SuiteRunnerWorker.runSuite(SuiteRunnerWorker.java:53)
at org.testng.SuiteRunnerWorker.run(SuiteRunnerWorker.java:96)
at org.testng.TestNG.runSuitesSequentially(TestNG.java:1180)
at org.testng.TestNG.runSuitesLocally(TestNG.java:1102)
at org.testng.TestNG.runSuites(TestNG.java:1032)
at org.testng.TestNG.run(TestNG.java:1000)
at org.testng.remote.AbstractRemoteTestNG.run(AbstractRemoteTestNG.java:115)
at org.testng.remote.RemoteTestNG.initAndRun(RemoteTestNG.java:251)
at org.testng.remote.RemoteTestNG.main(RemoteTestNG.java:77)
]]>
            </full-stacktrace>
          </exception> <!-- java.lang.IllegalArgumentException -->
          <reporter-output>
          </reporter-output>
        </test-method> <!-- fbSignIn -->
        <test-method status="SKIP" signature="closedriver()[pri:0, instance:com.testcases.Fbaccount_Tc@7f9fcf7f]" name="closedriver" is-config="true" duration-ms="-1586049602335" started-at="2020-04-04T21:20:02 EDT" finished-at="1969-12-31T19:00:00 EST">
          <reporter-output>
          </reporter-output>
        </test-method> <!-- closedriver -->
        <test-method status="PASS" signature="aftersuite()[pri:0, instance:com.testcases.Fbaccount_Tc@7f9fcf7f]" name="aftersuite" is-config="true" duration-ms="0" started-at="2020-04-04T21:20:02 EDT" finished-at="2020-04-04T21:20:02 EDT">
          <reporter-output>
          </reporter-output>
        </test-method> <!-- aftersuite -->
      </class> <!-- com.testcases.Fbaccount_Tc -->
    </test> <!-- Test -->
  </suite> <!-- Suite -->
</testng-results>
