<?xml version="1.0" encoding="UTF-8"?>
<!-- Generated by org.testng.reporters.JUnitXMLReporter -->
<testsuite hostname="LAPTOP-AS9UCBHI" ignored="0" name="Test" tests="2" failures="0" timestamp="2020-04-04T21:20:02 EDT" time="191.032" errors="0">
  <testcase name="@BeforeMethod browseropen" time="0.0" classname="com.base.Configuration">
    <failure type="java.lang.IllegalArgumentException" message="the browser type is undefined">
      <![CDATA[java.lang.IllegalArgumentException: the browser type is undefined
at com.base.Configuration.browseropen(Configuration.java:78)
at java.util.ArrayList.forEach(Unknown Source)
... Removed 31 stack frames]]>
    </failure>
  </testcase> <!-- @BeforeMethod browseropen -->
  <testcase name="@AfterMethod closedriver" time="-1.586049602335E9" classname="com.base.Configuration">
    <skipped/>
  </testcase> <!-- @AfterMethod closedriver -->
  <testcase name="fbAccount" time="181.138" classname="com.testcases.Fbaccount_Tc"/>
  <testcase name="fbSignIn" time="0.0" classname="com.testcases.Fbaccount_Tc">
    <skipped/>
  </testcase> <!-- fbSignIn -->
</testsuite> <!-- Test -->
